20231128 00:51:33 INFO: -------------------- New Experiment --------------------
20231128 00:51:33 INFO: train_brats2021.py --dataset brats2023 --data_root ../../brats2023/ --cases_split /research/d2/fyp23/hmli1/brats2023/brats2023/brats2023_split_fold0.csv --epochs 50 --eval_freq 1 --save_model --save_pred --exp_dir saved_model/ --num_classes 5
20231128 00:51:33 INFO: Namespace(amp=False, batch_size=2, beta1=0.9, beta2=0.999, block='plain', cases_split='/research/d2/fyp23/hmli1/brats2023/brats2023/brats2023_split_fold0.csv', channels_list=[32, 64, 128, 256, 320, 320], clip_grad=False, comment='', data_parallel=False, data_root='../../brats2023/', dataset='brats2023', deep_supervision=False, dropout_prob=0.0, ds_layer=4, epochs=50, eval_freq=1, exp_dir='saved_model/_brats2023_unet_adamw_none_pos1.0_neg1.0_1128_005133', gpus=None, infer_batch_size=4, input_channels=4, kernel_size=3, lr=0.001, lr_gamma=0.1, milestones=[60, 80], neg_ratio=1.0, norm='instance', num_classes=5, num_workers=6, optim='adamw', patch_overlap=0.5, patch_size=128, pos_ratio=1.0, print_freq=5, save_freq=10, save_model=True, save_pred=True, scheduler='none', seed=1000, sliding_window_mode='constant', sw_batch_size=2, unet_arch='unet', warmup_epochs=5, weight_decay=0.0001, weight_path=None)
20231128 00:51:34 INFO: ==> Training starts...
20231128 00:52:24 INFO: Train: [0][ 1/32]	Time 49.896 (49.896)	Data 23.568 (23.568)	BCE 0.6826 (0.6826)	Dice 0.8592 (0.8592)	Loss 1.5417 (1.5417)
20231128 00:52:37 INFO: Train: [0][ 5/32]	Time  2.926 (12.421)	Data  0.028 ( 4.744)	BCE 0.5971 (0.6509)	Dice 0.8329 (0.8502)	Loss 1.4300 (1.5011)
20231128 00:52:51 INFO: Train: [0][10/32]	Time  2.950 ( 7.682)	Data  0.045 ( 2.394)	BCE 0.5725 (0.6208)	Dice 0.8502 (0.8504)	Loss 1.4227 (1.4712)
20231128 00:53:06 INFO: Train: [0][15/32]	Time  2.910 ( 6.101)	Data  0.021 ( 1.610)	BCE 0.5224 (0.5945)	Dice 0.8412 (0.8488)	Loss 1.3635 (1.4434)
20231128 00:53:21 INFO: Train: [0][20/32]	Time  2.926 ( 5.311)	Data  0.036 ( 1.217)	BCE 0.5000 (0.5727)	Dice 0.8356 (0.8461)	Loss 1.3356 (1.4189)
20231128 00:53:39 INFO: Train: [0][25/32]	Time  3.765 ( 4.990)	Data  0.852 ( 1.137)	BCE 0.4788 (0.5554)	Dice 0.8353 (0.8443)	Loss 1.3141 (1.3997)
20231128 00:53:55 INFO: Train: [0][30/32]	Time  3.864 ( 4.676)	Data  0.979 ( 0.984)	BCE 0.4515 (0.5399)	Dice 0.8313 (0.8420)	Loss 1.2827 (1.3819)
20231128 00:54:01 INFO: ==> Validation starts...
20231128 00:54:54 INFO: Val: [0][1/2]	Time 53.418 (53.418)	Dice_BG 0.880 (0.880)	Dice_TC 0.000 (0.000)	Dice_ED 0.000 (0.000)	Dice_ET 0.000 (0.000)	Dice_RC 1.000 (0.000)	HD95_BG  52.235 (373.129)	HD95_TC 373.129 ( 52.235)	HD95_ED 373.129 (373.129)	HD95_ET 373.129 (373.129)	HD95_RC   0.000 (373.129)
20231128 00:55:29 INFO: ==> Validation ends...
20231128 00:55:52 INFO: Train: [1][ 1/32]	Time 22.707 (22.707)	Data 19.797 (19.797)	BCE 0.4383 (0.4383)	Dice 0.8383 (0.8383)	Loss 1.2766 (1.2766)
20231128 00:56:04 INFO: Train: [1][ 5/32]	Time  2.939 ( 6.972)	Data  0.039 ( 4.073)	BCE 0.4281 (0.4366)	Dice 0.8396 (0.8326)	Loss 1.2676 (1.2691)
20231128 00:56:27 INFO: Train: [1][10/32]	Time  2.923 ( 5.762)	Data  0.037 ( 2.907)	BCE 0.4046 (0.4270)	Dice 0.8312 (0.8306)	Loss 1.2358 (1.2577)
20231128 00:56:51 INFO: Train: [1][15/32]	Time  2.923 ( 5.451)	Data  0.030 ( 2.608)	BCE 0.3856 (0.4177)	Dice 0.8151 (0.8299)	Loss 1.2007 (1.2475)
20231128 00:57:13 INFO: Train: [1][20/32]	Time  2.875 ( 5.170)	Data  0.041 ( 2.332)	BCE 0.3610 (0.4059)	Dice 0.8181 (0.8292)	Loss 1.1791 (1.2351)
20231128 00:57:33 INFO: Train: [1][25/32]	Time  8.526 ( 4.950)	Data  5.864 ( 2.109)	BCE 0.3462 (0.3960)	Dice 0.8188 (0.8273)	Loss 1.1650 (1.2232)
20231128 00:57:48 INFO: Train: [1][30/32]	Time  2.912 ( 4.612)	Data  0.022 ( 1.762)	BCE 0.3202 (0.3849)	Dice 0.8118 (0.8260)	Loss 1.1319 (1.2109)
20231128 00:57:54 INFO: ==> Validation starts...
20231128 00:58:44 INFO: Val: [1][1/2]	Time 50.374 (50.374)	Dice_BG 0.987 (0.987)	Dice_TC 0.000 (0.000)	Dice_ED 0.000 (0.000)	Dice_ET 0.000 (0.000)	Dice_RC 1.000 (0.000)	HD95_BG  18.678 (373.129)	HD95_TC 373.129 ( 18.678)	HD95_ED 373.129 (373.129)	HD95_ET 373.129 (373.129)	HD95_RC   0.000 (373.129)
20231128 00:59:19 INFO: ==> Validation ends...
20231128 00:59:44 INFO: Train: [2][ 1/32]	Time 25.405 (25.405)	Data 22.448 (22.448)	BCE 0.3150 (0.3150)	Dice 0.8110 (0.8110)	Loss 1.1259 (1.1259)
20231128 00:59:56 INFO: Train: [2][ 5/32]	Time  2.955 ( 7.444)	Data  0.048 ( 4.525)	BCE 0.2982 (0.3064)	Dice 0.8201 (0.8182)	Loss 1.1183 (1.1246)
20231128 01:00:19 INFO: Train: [2][10/32]	Time  2.945 ( 6.009)	Data  0.039 ( 3.132)	BCE 0.2825 (0.3008)	Dice 0.8096 (0.8157)	Loss 1.0921 (1.1165)
20231128 01:00:42 INFO: Train: [2][15/32]	Time  2.926 ( 5.544)	Data  0.033 ( 2.684)	BCE 0.2694 (0.2922)	Dice 0.8161 (0.8158)	Loss 1.0856 (1.1081)
20231128 01:01:02 INFO: Train: [2][20/32]	Time  3.088 ( 5.158)	Data  0.176 ( 2.299)	BCE 0.2541 (0.2843)	Dice 0.8027 (0.8157)	Loss 1.0568 (1.1000)
20231128 01:01:23 INFO: Train: [2][25/32]	Time  9.405 ( 4.973)	Data  6.787 ( 2.117)	BCE 0.2440 (0.2768)	Dice 0.7936 (0.8137)	Loss 1.0376 (1.0905)
20231128 01:01:38 INFO: Train: [2][30/32]	Time  2.909 ( 4.632)	Data  0.016 ( 1.770)	BCE 0.2284 (0.2693)	Dice 0.8138 (0.8131)	Loss 1.0421 (1.0824)
20231128 01:01:44 INFO: ==> Validation starts...
20231128 01:02:34 INFO: Val: [2][1/2]	Time 50.261 (50.261)	Dice_BG 0.993 (0.993)	Dice_TC 0.000 (0.000)	Dice_ED 0.000 (1.000)	Dice_ET 1.000 (1.000)	Dice_RC 1.000 (1.000)	HD95_BG   4.244 (373.129)	HD95_TC 373.129 (  4.244)	HD95_ED 373.129 (  0.000)	HD95_ET   0.000 (  0.000)	HD95_RC   0.000 (  0.000)
20231128 01:03:08 INFO: ==> Validation ends...
20231128 01:03:33 INFO: Train: [3][ 1/32]	Time 24.838 (24.838)	Data 21.834 (21.834)	BCE 0.2230 (0.2230)	Dice 0.8170 (0.8170)	Loss 1.0400 (1.0400)
20231128 01:03:45 INFO: Train: [3][ 5/32]	Time  2.949 ( 7.325)	Data  0.048 ( 4.402)	BCE 0.2015 (0.2117)	Dice 0.8160 (0.8134)	Loss 1.0174 (1.0252)
20231128 01:04:08 INFO: Train: [3][10/32]	Time  2.937 ( 5.979)	Data  0.036 ( 3.112)	BCE 0.1964 (0.2045)	Dice 0.8081 (0.8120)	Loss 1.0045 (1.0165)
20231128 01:04:33 INFO: Train: [3][15/32]	Time  2.882 ( 5.618)	Data  0.036 ( 2.768)	BCE 0.1762 (0.1984)	Dice 0.8049 (0.8103)	Loss 0.9812 (1.0087)
20231128 01:04:55 INFO: Train: [3][20/32]	Time  7.039 ( 5.348)	Data  4.339 ( 2.503)	BCE 0.1701 (0.1946)	Dice 0.8103 (0.8077)	Loss 0.9804 (1.0023)
20231128 01:05:11 INFO: Train: [3][25/32]	Time  4.023 ( 4.910)	Data  1.124 ( 2.053)	BCE 0.1731 (0.1895)	Dice 0.7826 (0.8051)	Loss 0.9557 (0.9946)
20231128 01:05:28 INFO: Train: [3][30/32]	Time  2.912 ( 4.667)	Data  0.016 ( 1.806)	BCE 0.1554 (0.1844)	Dice 0.7708 (0.8027)	Loss 0.9262 (0.9871)
20231128 01:05:34 INFO: ==> Validation starts...
20231128 01:06:25 INFO: Val: [3][1/2]	Time 50.262 (50.262)	Dice_BG 0.992 (0.992)	Dice_TC 0.000 (0.000)	Dice_ED 0.000 (1.000)	Dice_ET 1.000 (1.000)	Dice_RC 1.000 (1.000)	HD95_BG  10.322 (373.129)	HD95_TC 373.129 ( 10.322)	HD95_ED 373.129 (  0.000)	HD95_ET   0.000 (  0.000)	HD95_RC   0.000 (  0.000)
20231128 01:06:59 INFO: ==> Validation ends...
20231128 01:07:25 INFO: Train: [4][ 1/32]	Time 26.137 (26.137)	Data 23.134 (23.134)	BCE 0.1512 (0.1512)	Dice 0.8089 (0.8089)	Loss 0.9601 (0.9601)
20231128 01:07:37 INFO: Train: [4][ 5/32]	Time  2.958 ( 7.590)	Data  0.054 ( 4.660)	BCE 0.1364 (0.1432)	Dice 0.8040 (0.8008)	Loss 0.9404 (0.9441)
20231128 01:08:00 INFO: Train: [4][10/32]	Time  2.939 ( 6.088)	Data  0.050 ( 3.210)	BCE 0.1407 (0.1408)	Dice 0.8065 (0.8018)	Loss 0.9472 (0.9427)
20231128 01:08:24 INFO: Train: [4][15/32]	Time  2.916 ( 5.678)	Data  0.033 ( 2.817)	BCE 0.1159 (0.1370)	Dice 0.8113 (0.8003)	Loss 0.9272 (0.9373)
20231128 01:08:43 INFO: Train: [4][20/32]	Time  2.923 ( 5.216)	Data  0.026 ( 2.354)	BCE 0.1321 (0.1332)	Dice 0.7876 (0.7993)	Loss 0.9197 (0.9325)
20231128 01:09:04 INFO: Train: [4][25/32]	Time  8.894 ( 4.999)	Data  6.259 ( 2.140)	BCE 0.1176 (0.1304)	Dice 0.7729 (0.7955)	Loss 0.8905 (0.9259)
20231128 01:09:18 INFO: Train: [4][30/32]	Time  2.904 ( 4.651)	Data  0.016 ( 1.787)	BCE 0.1162 (0.1277)	Dice 0.7926 (0.7931)	Loss 0.9088 (0.9208)
20231128 01:09:24 INFO: ==> Validation starts...
20231128 01:10:15 INFO: Val: [4][1/2]	Time 50.170 (50.170)	Dice_BG 0.994 (0.994)	Dice_TC 0.000 (0.000)	Dice_ED 0.000 (1.000)	Dice_ET 1.000 (1.000)	Dice_RC 1.000 (1.000)	HD95_BG   1.457 (373.129)	HD95_TC 373.129 (  1.457)	HD95_ED 373.129 (  0.000)	HD95_ET   0.000 (  0.000)	HD95_RC   0.000 (  0.000)
20231128 01:10:49 INFO: ==> Validation ends...
20231128 01:11:13 INFO: Train: [5][ 1/32]	Time 24.092 (24.092)	Data 21.134 (21.134)	BCE 0.1038 (0.1038)	Dice 0.7869 (0.7869)	Loss 0.8907 (0.8907)
20231128 01:11:27 INFO: Train: [5][ 5/32]	Time  2.960 ( 7.541)	Data  0.051 ( 4.654)	BCE 0.1073 (0.1058)	Dice 0.8037 (0.7876)	Loss 0.9110 (0.8934)
20231128 01:11:49 INFO: Train: [5][10/32]	Time  2.945 ( 5.974)	Data  0.052 ( 3.117)	BCE 0.0895 (0.1012)	Dice 0.7980 (0.7911)	Loss 0.8876 (0.8923)
20231128 01:12:12 INFO: Train: [5][15/32]	Time  2.928 ( 5.543)	Data  0.037 ( 2.696)	BCE 0.0990 (0.1009)	Dice 0.7658 (0.7897)	Loss 0.8648 (0.8906)
20231128 01:12:37 INFO: Train: [5][20/32]	Time  5.274 ( 5.380)	Data  2.573 ( 2.544)	BCE 0.1003 (0.0993)	Dice 0.7998 (0.7894)	Loss 0.9001 (0.8888)
20231128 01:12:54 INFO: Train: [5][25/32]	Time  5.831 ( 5.007)	Data  3.002 ( 2.162)	BCE 0.0861 (0.0982)	Dice 0.7874 (0.7893)	Loss 0.8735 (0.8875)
20231128 01:13:09 INFO: Train: [5][30/32]	Time  2.909 ( 4.662)	Data  0.016 ( 1.808)	BCE 0.0732 (0.0964)	Dice 0.7934 (0.7865)	Loss 0.8666 (0.8829)
20231128 01:13:15 INFO: ==> Validation starts...
20231128 01:14:05 INFO: Val: [5][1/2]	Time 50.258 (50.258)	Dice_BG 0.995 (0.995)	Dice_TC 0.000 (0.000)	Dice_ED 0.000 (1.000)	Dice_ET 1.000 (1.000)	Dice_RC 1.000 (1.000)	HD95_BG   0.000 (373.129)	HD95_TC 373.129 (  0.000)	HD95_ED 373.129 (  0.000)	HD95_ET   0.000 (  0.000)	HD95_RC   0.000 (  0.000)
20231128 01:14:39 INFO: ==> Validation ends...
20231128 01:15:04 INFO: Train: [6][ 1/32]	Time 24.976 (24.976)	Data 22.000 (22.000)	BCE 0.0829 (0.0829)	Dice 0.7919 (0.7919)	Loss 0.8748 (0.8748)
20231128 01:15:16 INFO: Train: [6][ 5/32]	Time  2.940 ( 7.351)	Data  0.039 ( 4.425)	BCE 0.0735 (0.0837)	Dice 0.7668 (0.7764)	Loss 0.8404 (0.8601)
20231128 01:15:39 INFO: Train: [6][10/32]	Time  2.943 ( 5.948)	Data  0.037 ( 3.071)	BCE 0.0740 (0.0831)	Dice 0.8059 (0.7755)	Loss 0.8799 (0.8586)
20231128 01:16:01 INFO: Train: [6][15/32]	Time  2.943 ( 5.430)	Data  0.032 ( 2.561)	BCE 0.0706 (0.0803)	Dice 0.7658 (0.7751)	Loss 0.8363 (0.8554)
20231128 01:16:21 INFO: Train: [6][20/32]	Time  3.164 ( 5.102)	Data  0.244 ( 2.237)	BCE 0.0661 (0.0790)	Dice 0.7723 (0.7755)	Loss 0.8384 (0.8546)
20231128 01:16:42 INFO: Train: [6][25/32]	Time  9.265 ( 4.924)	Data  6.640 ( 2.061)	BCE 0.0667 (0.0765)	Dice 0.7675 (0.7755)	Loss 0.8342 (0.8520)
20231128 01:16:57 INFO: Train: [6][30/32]	Time  2.925 ( 4.589)	Data  0.028 ( 1.722)	BCE 0.0532 (0.0752)	Dice 0.7894 (0.7739)	Loss 0.8426 (0.8491)
20231128 01:17:03 INFO: ==> Validation starts...
20231128 01:17:53 INFO: Val: [6][1/2]	Time 50.143 (50.143)	Dice_BG 0.996 (0.996)	Dice_TC 0.000 (0.000)	Dice_ED 0.000 (1.000)	Dice_ET 1.000 (1.000)	Dice_RC 1.000 (1.000)	HD95_BG   0.000 (373.129)	HD95_TC 373.129 (  0.000)	HD95_ED 373.129 (  0.000)	HD95_ET   0.000 (  0.000)	HD95_RC   0.000 (  0.000)
20231128 01:18:27 INFO: ==> Validation ends...
20231128 01:18:51 INFO: Train: [7][ 1/32]	Time 23.464 (23.464)	Data 20.482 (20.482)	BCE 0.0673 (0.0673)	Dice 0.7758 (0.7758)	Loss 0.8431 (0.8431)
20231128 01:19:03 INFO: Train: [7][ 5/32]	Time  2.927 ( 7.097)	Data  0.036 ( 4.185)	BCE 0.0591 (0.0672)	Dice 0.7948 (0.7742)	Loss 0.8539 (0.8414)
20231128 01:19:25 INFO: Train: [7][10/32]	Time  2.973 ( 5.741)	Data  0.061 ( 2.865)	BCE 0.0769 (0.0660)	Dice 0.7535 (0.7724)	Loss 0.8304 (0.8384)
20231128 01:19:47 INFO: Train: [7][15/32]	Time  2.942 ( 5.325)	Data  0.041 ( 2.456)	BCE 0.0798 (0.0664)	Dice 0.7465 (0.7638)	Loss 0.8263 (0.8301)
20231128 01:20:11 INFO: Train: [7][20/32]	Time  5.223 ( 5.199)	Data  2.475 ( 2.344)	BCE 0.0806 (0.0700)	Dice 0.7856 (0.7632)	Loss 0.8662 (0.8332)
20231128 01:20:31 INFO: Train: [7][25/32]	Time  7.607 ( 4.934)	Data  4.886 ( 2.076)	BCE 0.0665 (0.0696)	Dice 0.7431 (0.7617)	Loss 0.8096 (0.8313)
20231128 01:20:47 INFO: Train: [7][30/32]	Time  2.912 ( 4.641)	Data  0.016 ( 1.778)	BCE 0.0685 (0.0681)	Dice 0.7783 (0.7599)	Loss 0.8467 (0.8280)
20231128 01:20:53 INFO: ==> Validation starts...
20231128 01:21:43 INFO: Val: [7][1/2]	Time 50.064 (50.064)	Dice_BG 0.997 (0.997)	Dice_TC 0.000 (0.000)	Dice_ED 0.000 (1.000)	Dice_ET 1.000 (1.000)	Dice_RC 1.000 (1.000)	HD95_BG   0.000 (373.129)	HD95_TC 373.129 (  0.000)	HD95_ED 373.129 (  0.000)	HD95_ET   0.000 (  0.000)	HD95_RC   0.000 (  0.000)
20231128 01:22:17 INFO: ==> Validation ends...
20231128 01:22:39 INFO: Train: [8][ 1/32]	Time 22.442 (22.442)	Data 19.497 (19.497)	BCE 0.0410 (0.0410)	Dice 0.7740 (0.7740)	Loss 0.8150 (0.8150)
20231128 01:22:54 INFO: Train: [8][ 5/32]	Time  2.934 ( 7.369)	Data  0.036 ( 4.492)	BCE 0.0601 (0.0585)	Dice 0.7220 (0.7669)	Loss 0.7821 (0.8255)
20231128 01:23:15 INFO: Train: [8][10/32]	Time  2.932 ( 5.795)	Data  0.040 ( 2.933)	BCE 0.0768 (0.0598)	Dice 0.7268 (0.7580)	Loss 0.8036 (0.8178)
20231128 01:23:37 INFO: Train: [8][15/32]	Time  5.244 ( 5.355)	Data  2.402 ( 2.500)	BCE 0.0552 (0.0584)	Dice 0.7795 (0.7655)	Loss 0.8348 (0.8239)
20231128 01:23:57 INFO: Train: [8][20/32]	Time  3.094 ( 4.988)	Data  0.185 ( 2.132)	BCE 0.0437 (0.0563)	Dice 0.7529 (0.7662)	Loss 0.7965 (0.8224)
20231128 01:24:20 INFO: Train: [8][25/32]	Time 10.958 ( 4.905)	Data  8.330 ( 2.049)	BCE 0.0647 (0.0563)	Dice 0.7339 (0.7631)	Loss 0.7986 (0.8194)
20231128 01:24:34 INFO: Train: [8][30/32]	Time  2.914 ( 4.574)	Data  0.023 ( 1.713)	BCE 0.0563 (0.0584)	Dice 0.7385 (0.7571)	Loss 0.7948 (0.8155)
20231128 01:24:40 INFO: ==> Validation starts...
20231128 01:25:30 INFO: Val: [8][1/2]	Time 50.223 (50.223)	Dice_BG 0.996 (0.996)	Dice_TC 0.000 (0.000)	Dice_ED 0.000 (1.000)	Dice_ET 1.000 (1.000)	Dice_RC 1.000 (1.000)	HD95_BG   0.000 (373.129)	HD95_TC 373.129 (  0.000)	HD95_ED 373.129 (  0.000)	HD95_ET   0.000 (  0.000)	HD95_RC   0.000 (  0.000)
20231128 01:26:05 INFO: ==> Validation ends...
20231128 01:26:34 INFO: Train: [9][ 1/32]	Time 29.250 (29.250)	Data 26.306 (26.306)	BCE 0.0653 (0.0653)	Dice 0.7171 (0.7171)	Loss 0.7824 (0.7824)
20231128 01:26:46 INFO: Train: [9][ 5/32]	Time  2.927 ( 8.209)	Data  0.032 ( 5.293)	BCE 0.0459 (0.0545)	Dice 0.7114 (0.7481)	Loss 0.7573 (0.8026)
20231128 01:27:08 INFO: Train: [9][10/32]	Time  2.930 ( 6.341)	Data  0.032 ( 3.463)	BCE 0.0686 (0.0532)	Dice 0.7242 (0.7536)	Loss 0.7928 (0.8068)
20231128 01:27:28 INFO: Train: [9][15/32]	Time  2.913 ( 5.569)	Data  0.019 ( 2.700)	BCE 0.0326 (0.0510)	Dice 0.7804 (0.7572)	Loss 0.8130 (0.8082)
20231128 01:27:50 INFO: Train: [9][20/32]	Time  2.910 ( 5.258)	Data  0.043 ( 2.396)	BCE 0.0621 (0.0522)	Dice 0.7591 (0.7577)	Loss 0.8212 (0.8099)
20231128 01:28:11 INFO: Train: [9][25/32]	Time  9.018 ( 5.037)	Data  6.370 ( 2.178)	BCE 0.0433 (0.0505)	Dice 0.7426 (0.7560)	Loss 0.7859 (0.8065)
20231128 01:28:25 INFO: Train: [9][30/32]	Time  2.915 ( 4.684)	Data  0.016 ( 1.818)	BCE 0.0728 (0.0506)	Dice 0.7574 (0.7558)	Loss 0.8303 (0.8064)
20231128 01:28:31 INFO: ==> Validation starts...
20231128 01:29:21 INFO: Val: [9][1/2]	Time 50.155 (50.155)	Dice_BG 0.996 (0.996)	Dice_TC 0.000 (0.000)	Dice_ED 0.000 (1.000)	Dice_ET 1.000 (1.000)	Dice_RC 1.000 (1.000)	HD95_BG   0.000 (373.129)	HD95_TC 373.129 (  0.000)	HD95_ED 373.129 (  0.000)	HD95_ET   0.000 (  0.000)	HD95_RC   0.000 (  0.000)
20231128 01:29:56 INFO: ==> Validation ends...
20231128 01:30:20 INFO: Train: [10][ 1/32]	Time 23.797 (23.797)	Data 20.838 (20.838)	BCE 0.0451 (0.0451)	Dice 0.7288 (0.7288)	Loss 0.7739 (0.7739)
