20231128 09:05:14 INFO: -------------------- New Experiment --------------------
20231128 09:05:14 INFO: train_brats2021.py --dataset brats2023 --data_root ../../brats2023/ --cases_split /research/d2/fyp23/hmli1/brats2023/brats2023/brats2023_split_fold0.csv --epochs 10 --eval_freq 1 --save_model --save_pred --exp_dir saved_model/ --num_classes 5 --batch_size 1
20231128 09:05:14 INFO: Namespace(amp=False, batch_size=1, beta1=0.9, beta2=0.999, block='plain', cases_split='/research/d2/fyp23/hmli1/brats2023/brats2023/brats2023_split_fold0.csv', channels_list=[32, 64, 128, 256, 320, 320], clip_grad=False, comment='', data_parallel=False, data_root='../../brats2023/', dataset='brats2023', deep_supervision=False, dropout_prob=0.0, ds_layer=4, epochs=10, eval_freq=1, exp_dir='saved_model/_brats2023_unet_adamw_none_pos1.0_neg1.0_1128_090514', gpus=None, infer_batch_size=4, input_channels=4, kernel_size=3, lr=0.001, lr_gamma=0.1, milestones=[60, 80], neg_ratio=1.0, norm='instance', num_classes=5, num_workers=6, optim='adamw', patch_overlap=0.5, patch_size=128, pos_ratio=1.0, print_freq=5, save_freq=10, save_model=True, save_pred=True, scheduler='none', seed=1000, sliding_window_mode='constant', sw_batch_size=2, unet_arch='unet', warmup_epochs=5, weight_decay=0.0001, weight_path=None)
20231128 09:05:18 INFO: ==> Training starts...
20231128 09:06:00 INFO: Train: [0][ 1/64]	Time 41.538 (41.538)	Data 25.505 (25.505)	BCE 0.6848 (0.6848)	Dice 0.8638 (0.8638)	Loss 1.5486 (1.5486)
20231128 09:06:03 INFO: Train: [0][ 5/64]	Time  0.780 ( 8.942)	Data  0.007 ( 5.117)	BCE 0.6298 (0.6533)	Dice 0.8632 (0.8579)	Loss 1.4930 (1.5113)
20231128 09:06:08 INFO: Train: [0][10/64]	Time  0.799 ( 5.009)	Data  0.030 ( 2.706)	BCE 0.5601 (0.6192)	Dice 0.8154 (0.8489)	Loss 1.3755 (1.4682)
20231128 09:06:31 INFO: Train: [0][15/64]	Time  2.567 ( 4.827)	Data  1.789 ( 3.033)	BCE 0.5329 (0.5966)	Dice 0.8446 (0.8468)	Loss 1.3774 (1.4434)
20231128 09:06:48 INFO: Train: [0][20/64]	Time  0.815 ( 4.498)	Data  0.026 ( 2.958)	BCE 0.5070 (0.5752)	Dice 0.8499 (0.8446)	Loss 1.3569 (1.4198)
20231128 09:07:09 INFO: Train: [0][25/64]	Time 16.012 ( 4.422)	Data 15.208 ( 3.033)	BCE 0.4703 (0.5568)	Dice 0.8292 (0.8438)	Loss 1.2995 (1.4005)
20231128 09:07:15 INFO: Train: [0][30/64]	Time  0.848 ( 3.906)	Data  0.035 ( 2.618)	BCE 0.4450 (0.5407)	Dice 0.8294 (0.8418)	Loss 1.2743 (1.3824)
20231128 09:07:34 INFO: Train: [0][35/64]	Time  0.829 ( 3.876)	Data  0.035 ( 2.662)	BCE 0.4196 (0.5257)	Dice 0.8257 (0.8402)	Loss 1.2453 (1.3658)
20231128 09:07:56 INFO: Train: [0][40/64]	Time  0.788 ( 3.943)	Data  0.007 ( 2.782)	BCE 0.4129 (0.5123)	Dice 0.8273 (0.8387)	Loss 1.2402 (1.3510)
20231128 09:08:13 INFO: Train: [0][45/64]	Time  0.828 ( 3.893)	Data  0.039 ( 2.773)	BCE 0.3852 (0.4993)	Dice 0.8377 (0.8377)	Loss 1.2229 (1.3371)
20231128 09:08:35 INFO: Train: [0][50/64]	Time  0.803 ( 3.942)	Data  0.029 ( 2.856)	BCE 0.3655 (0.4865)	Dice 0.8357 (0.8371)	Loss 1.2012 (1.3236)
20231128 09:08:52 INFO: Train: [0][55/64]	Time 11.974 ( 3.887)	Data 11.152 ( 2.829)	BCE 0.3581 (0.4749)	Dice 0.8218 (0.8358)	Loss 1.1800 (1.3106)
20231128 09:08:56 INFO: Train: [0][60/64]	Time  0.803 ( 3.638)	Data  0.026 ( 2.603)	BCE 0.3224 (0.4629)	Dice 0.8144 (0.8341)	Loss 1.1368 (1.2970)
20231128 09:09:04 INFO: ==> Validation starts...
20231128 09:10:03 INFO: Val: [0][1/2]	Time 58.930 (58.930)	Dice_BG 0.991 (0.991)	Dice_TC 0.000 (0.000)	Dice_ED 0.000 (0.000)	Dice_ET 0.000 (0.000)	Dice_RC 1.000 (0.000)	HD95_BG  10.361 (373.129)	HD95_TC 373.129 ( 10.361)	HD95_ED 373.129 (373.129)	HD95_ET 373.129 (373.129)	HD95_RC   0.000 (373.129)
20231128 09:10:31 INFO: ==> Validation ends...
20231128 09:10:50 INFO: Train: [1][ 1/64]	Time 18.970 (18.970)	Data 18.152 (18.152)	BCE 0.3161 (0.3161)	Dice 0.8232 (0.8232)	Loss 1.1393 (1.1393)
20231128 09:10:56 INFO: Train: [1][ 5/64]	Time  0.799 ( 5.028)	Data  0.027 ( 4.243)	BCE 0.2965 (0.3018)	Dice 0.8300 (0.8226)	Loss 1.1266 (1.1244)
20231128 09:11:18 INFO: Train: [1][10/64]	Time  0.802 ( 4.727)	Data  0.031 ( 3.949)	BCE 0.2808 (0.2970)	Dice 0.8273 (0.8165)	Loss 1.1081 (1.1135)
20231128 09:11:41 INFO: Train: [1][15/64]	Time  6.888 ( 4.676)	Data  6.118 ( 3.899)	BCE 0.3031 (0.2931)	Dice 0.7753 (0.8141)	Loss 1.0784 (1.1072)
20231128 09:11:54 INFO: Train: [1][20/64]	Time  0.848 ( 4.176)	Data  0.042 ( 3.396)	BCE 0.2550 (0.2851)	Dice 0.8133 (0.8140)	Loss 1.0682 (1.0991)
20231128 09:12:18 INFO: Train: [1][25/64]	Time 16.294 ( 4.273)	Data 15.520 ( 3.492)	BCE 0.2428 (0.2789)	Dice 0.8048 (0.8120)	Loss 1.0476 (1.0909)
20231128 09:12:22 INFO: Train: [1][30/64]	Time  0.777 ( 3.693)	Data  0.007 ( 2.913)	BCE 0.2283 (0.2721)	Dice 0.8054 (0.8110)	Loss 1.0337 (1.0831)
20231128 09:12:43 INFO: Train: [1][35/64]	Time  0.794 ( 3.771)	Data  0.027 ( 2.991)	BCE 0.2122 (0.2657)	Dice 0.7984 (0.8097)	Loss 1.0106 (1.0754)
20231128 09:13:03 INFO: Train: [1][40/64]	Time  0.832 ( 3.801)	Data  0.056 ( 3.020)	BCE 0.2004 (0.2583)	Dice 0.7954 (0.8093)	Loss 0.9957 (1.0676)
20231128 09:13:21 INFO: Train: [1][45/64]	Time  0.832 ( 3.775)	Data  0.031 ( 2.993)	BCE 0.1923 (0.2514)	Dice 0.7927 (0.8093)	Loss 0.9850 (1.0607)
20231128 09:13:40 INFO: Train: [1][50/64]	Time  7.327 ( 3.775)	Data  6.558 ( 2.993)	BCE 0.1714 (0.2450)	Dice 0.7991 (0.8088)	Loss 0.9705 (1.0539)
20231128 09:13:50 INFO: Train: [1][55/64]	Time  7.550 ( 3.628)	Data  6.781 ( 2.846)	BCE 0.1760 (0.2387)	Dice 0.7721 (0.8074)	Loss 0.9481 (1.0461)
20231128 09:14:01 INFO: Train: [1][60/64]	Time  0.796 ( 3.497)	Data  0.019 ( 2.715)	BCE 0.1608 (0.2327)	Dice 0.7801 (0.8060)	Loss 0.9409 (1.0388)
20231128 09:14:09 INFO: ==> Validation starts...
20231128 09:15:03 INFO: Val: [1][1/2]	Time 53.928 (53.928)	Dice_BG 0.993 (0.993)	Dice_TC 0.000 (0.000)	Dice_ED 0.000 (1.000)	Dice_ET 1.000 (1.000)	Dice_RC 1.000 (1.000)	HD95_BG   9.500 (373.129)	HD95_TC 373.129 (  9.500)	HD95_ED 373.129 (  0.000)	HD95_ET   0.000 (  0.000)	HD95_RC   0.000 (  0.000)
20231128 09:15:31 INFO: ==> Validation ends...
20231128 09:15:50 INFO: Train: [2][ 1/64]	Time 19.665 (19.665)	Data 18.848 (18.848)	BCE 0.1700 (0.1700)	Dice 0.7718 (0.7718)	Loss 0.9418 (0.9418)
20231128 09:15:56 INFO: Train: [2][ 5/64]	Time  0.836 ( 4.996)	Data  0.035 ( 4.204)	BCE 0.1486 (0.1516)	Dice 0.7800 (0.7913)	Loss 0.9285 (0.9429)
20231128 09:16:17 INFO: Train: [2][10/64]	Time  0.821 ( 4.629)	Data  0.028 ( 3.840)	BCE 0.1409 (0.1495)	Dice 0.7997 (0.7971)	Loss 0.9406 (0.9466)
20231128 09:16:35 INFO: Train: [2][15/64]	Time  0.840 ( 4.307)	Data  0.033 ( 3.520)	BCE 0.1282 (0.1469)	Dice 0.8122 (0.7926)	Loss 0.9404 (0.9394)
20231128 09:16:57 INFO: Train: [2][20/64]	Time  0.791 ( 4.308)	Data  0.018 ( 3.521)	BCE 0.1217 (0.1429)	Dice 0.7742 (0.7897)	Loss 0.8959 (0.9326)
20231128 09:17:19 INFO: Train: [2][25/64]	Time 19.168 ( 4.343)	Data 18.398 ( 3.557)	BCE 0.1218 (0.1388)	Dice 0.7539 (0.7849)	Loss 0.8757 (0.9238)
20231128 09:17:23 INFO: Train: [2][30/64]	Time  0.780 ( 3.751)	Data  0.007 ( 2.968)	BCE 0.1329 (0.1375)	Dice 0.8009 (0.7839)	Loss 0.9338 (0.9214)
20231128 09:17:41 INFO: Train: [2][35/64]	Time  0.825 ( 3.704)	Data  0.057 ( 2.922)	BCE 0.1070 (0.1347)	Dice 0.7647 (0.7850)	Loss 0.8717 (0.9197)
20231128 09:17:58 INFO: Train: [2][40/64]	Time  0.829 ( 3.667)	Data  0.053 ( 2.884)	BCE 0.0902 (0.1315)	Dice 0.7848 (0.7863)	Loss 0.8750 (0.9178)
20231128 09:18:14 INFO: Train: [2][45/64]	Time  0.837 ( 3.627)	Data  0.043 ( 2.843)	BCE 0.1237 (0.1276)	Dice 0.7499 (0.7868)	Loss 0.8737 (0.9143)
20231128 09:18:33 INFO: Train: [2][50/64]	Time  0.832 ( 3.632)	Data  0.046 ( 2.849)	BCE 0.1071 (0.1241)	Dice 0.7359 (0.7865)	Loss 0.8430 (0.9106)
20231128 09:18:52 INFO: Train: [2][55/64]	Time 11.268 ( 3.654)	Data 10.483 ( 2.870)	BCE 0.1311 (0.1219)	Dice 0.7471 (0.7867)	Loss 0.8782 (0.9086)
20231128 09:19:00 INFO: Train: [2][60/64]	Time  1.026 ( 3.480)	Data  0.253 ( 2.696)	BCE 0.1132 (0.1194)	Dice 0.7959 (0.7857)	Loss 0.9090 (0.9051)
20231128 09:19:08 INFO: ==> Validation starts...
20231128 09:20:02 INFO: Val: [2][1/2]	Time 53.543 (53.543)	Dice_BG 0.996 (0.996)	Dice_TC 0.000 (0.000)	Dice_ED 0.000 (1.000)	Dice_ET 1.000 (1.000)	Dice_RC 1.000 (1.000)	HD95_BG   0.000 (373.129)	HD95_TC 373.129 (  0.000)	HD95_ED 373.129 (  0.000)	HD95_ET   0.000 (  0.000)	HD95_RC   0.000 (  0.000)
20231128 09:20:30 INFO: ==> Validation ends...
20231128 09:20:52 INFO: Train: [3][ 1/64]	Time 22.032 (22.032)	Data 21.244 (21.244)	BCE 0.0745 (0.0745)	Dice 0.8050 (0.8050)	Loss 0.8795 (0.8795)
20231128 09:20:55 INFO: Train: [3][ 5/64]	Time  0.812 ( 5.050)	Data  0.039 ( 4.274)	BCE 0.0609 (0.0801)	Dice 0.8065 (0.8008)	Loss 0.8674 (0.8809)
20231128 09:21:18 INFO: Train: [3][10/64]	Time  0.823 ( 4.781)	Data  0.038 ( 4.000)	BCE 0.0687 (0.0764)	Dice 0.7891 (0.7949)	Loss 0.8578 (0.8713)
20231128 09:21:36 INFO: Train: [3][15/64]	Time  0.824 ( 4.410)	Data  0.035 ( 3.629)	BCE 0.0808 (0.0767)	Dice 0.7651 (0.7892)	Loss 0.8458 (0.8659)
20231128 09:21:54 INFO: Train: [3][20/64]	Time  0.808 ( 4.192)	Data  0.020 ( 3.410)	BCE 0.0646 (0.0792)	Dice 0.7714 (0.7851)	Loss 0.8360 (0.8643)
20231128 09:22:12 INFO: Train: [3][25/64]	Time 13.134 ( 4.073)	Data 12.343 ( 3.289)	BCE 0.0882 (0.0839)	Dice 0.7265 (0.7783)	Loss 0.8147 (0.8622)
20231128 09:22:23 INFO: Train: [3][30/64]	Time  0.800 ( 3.774)	Data  0.006 ( 2.991)	BCE 0.0775 (0.0848)	Dice 0.7339 (0.7744)	Loss 0.8115 (0.8592)
20231128 09:22:39 INFO: Train: [3][35/64]	Time  0.814 ( 3.693)	Data  0.032 ( 2.911)	BCE 0.0748 (0.0824)	Dice 0.7717 (0.7732)	Loss 0.8465 (0.8556)
20231128 09:22:59 INFO: Train: [3][40/64]	Time  3.043 ( 3.719)	Data  2.267 ( 2.936)	BCE 0.0672 (0.0837)	Dice 0.7695 (0.7739)	Loss 0.8366 (0.8575)
20231128 09:23:18 INFO: Train: [3][45/64]	Time  0.807 ( 3.734)	Data  0.038 ( 2.952)	BCE 0.0874 (0.0813)	Dice 0.7282 (0.7725)	Loss 0.8155 (0.8538)
20231128 09:23:35 INFO: Train: [3][50/64]	Time  0.816 ( 3.707)	Data  0.030 ( 2.925)	BCE 0.0667 (0.0785)	Dice 0.7388 (0.7733)	Loss 0.8055 (0.8518)
20231128 09:23:57 INFO: Train: [3][55/64]	Time 18.132 ( 3.758)	Data 17.312 ( 2.975)	BCE 0.0575 (0.0766)	Dice 0.7861 (0.7728)	Loss 0.8436 (0.8494)
20231128 09:24:01 INFO: Train: [3][60/64]	Time  0.824 ( 3.512)	Data  0.048 ( 2.730)	BCE 0.0666 (0.0759)	Dice 0.7080 (0.7714)	Loss 0.7747 (0.8473)
20231128 09:24:09 INFO: ==> Validation starts...
20231128 09:25:03 INFO: Val: [3][1/2]	Time 54.012 (54.012)	Dice_BG 0.995 (0.995)	Dice_TC 0.000 (0.000)	Dice_ED 0.000 (1.000)	Dice_ET 1.000 (1.000)	Dice_RC 1.000 (1.000)	HD95_BG   3.045 (373.129)	HD95_TC 373.129 (  3.045)	HD95_ED 373.129 (  0.000)	HD95_ET   0.000 (  0.000)	HD95_RC   0.000 (  0.000)
20231128 09:25:31 INFO: ==> Validation ends...
20231128 09:25:51 INFO: Train: [4][ 1/64]	Time 19.502 (19.502)	Data 18.663 (18.663)	BCE 0.0545 (0.0545)	Dice 0.8022 (0.8022)	Loss 0.8567 (0.8567)
20231128 09:25:58 INFO: Train: [4][ 5/64]	Time  0.805 ( 5.395)	Data  0.012 ( 4.601)	BCE 0.0457 (0.0527)	Dice 0.7802 (0.7835)	Loss 0.8258 (0.8362)
20231128 09:26:17 INFO: Train: [4][10/64]	Time  0.835 ( 4.554)	Data  0.048 ( 3.766)	BCE 0.0511 (0.0552)	Dice 0.7662 (0.7744)	Loss 0.8173 (0.8295)
20231128 09:26:38 INFO: Train: [4][15/64]	Time  0.784 ( 4.480)	Data  0.007 ( 3.694)	BCE 0.0695 (0.0545)	Dice 0.7897 (0.7658)	Loss 0.8592 (0.8203)
20231128 09:26:56 INFO: Train: [4][20/64]	Time  1.036 ( 4.260)	Data  0.222 ( 3.471)	BCE 0.0813 (0.0575)	Dice 0.7520 (0.7657)	Loss 0.8333 (0.8232)
20231128 09:27:20 INFO: Train: [4][25/64]	Time 20.199 ( 4.353)	Data 19.425 ( 3.564)	BCE 0.1605 (0.0617)	Dice 0.7211 (0.7618)	Loss 0.8816 (0.8235)
20231128 09:27:24 INFO: Train: [4][30/64]	Time  0.809 ( 3.762)	Data  0.019 ( 2.973)	BCE 0.0470 (0.0629)	Dice 0.7889 (0.7574)	Loss 0.8359 (0.8203)
20231128 09:27:42 INFO: Train: [4][35/64]	Time  0.978 ( 3.729)	Data  0.206 ( 2.941)	BCE 0.1055 (0.0637)	Dice 0.6851 (0.7547)	Loss 0.7905 (0.8184)
20231128 09:27:57 INFO: Train: [4][40/64]	Time  0.824 ( 3.654)	Data  0.052 ( 2.868)	BCE 0.0897 (0.0630)	Dice 0.7783 (0.7552)	Loss 0.8681 (0.8182)
20231128 09:28:18 INFO: Train: [4][45/64]	Time  6.496 ( 3.712)	Data  5.709 ( 2.927)	BCE 0.0434 (0.0611)	Dice 0.8015 (0.7589)	Loss 0.8448 (0.8201)
20231128 09:28:30 INFO: Train: [4][50/64]	Time  0.814 ( 3.585)	Data  0.032 ( 2.800)	BCE 0.0368 (0.0594)	Dice 0.8028 (0.7595)	Loss 0.8396 (0.8190)
20231128 09:28:49 INFO: Train: [4][55/64]	Time  4.200 ( 3.591)	Data  3.426 ( 2.806)	BCE 0.0456 (0.0572)	Dice 0.7289 (0.7609)	Loss 0.7745 (0.8181)
20231128 09:29:04 INFO: Train: [4][60/64]	Time  0.801 ( 3.540)	Data  0.031 ( 2.756)	BCE 0.0826 (0.0580)	Dice 0.7929 (0.7604)	Loss 0.8755 (0.8184)
20231128 09:29:09 INFO: ==> Validation starts...
20231128 09:30:03 INFO: Val: [4][1/2]	Time 53.980 (53.980)	Dice_BG 0.996 (0.996)	Dice_TC 0.000 (0.000)	Dice_ED 0.000 (1.000)	Dice_ET 1.000 (1.000)	Dice_RC 1.000 (1.000)	HD95_BG   1.250 (373.129)	HD95_TC 373.129 (  1.250)	HD95_ED 373.129 (  0.000)	HD95_ET   0.000 (  0.000)	HD95_RC   0.000 (  0.000)
20231128 09:30:31 INFO: ==> Validation ends...
20231128 09:30:52 INFO: Train: [5][ 1/64]	Time 20.918 (20.918)	Data 20.067 (20.067)	BCE 0.0533 (0.0533)	Dice 0.8035 (0.8035)	Loss 0.8568 (0.8568)
20231128 09:30:57 INFO: Train: [5][ 5/64]	Time  0.812 ( 5.217)	Data  0.044 ( 4.422)	BCE 0.0388 (0.0547)	Dice 0.8011 (0.7481)	Loss 0.8399 (0.8028)
20231128 09:31:14 INFO: Train: [5][10/64]	Time  0.824 ( 4.337)	Data  0.031 ( 3.550)	BCE 0.0750 (0.0585)	Dice 0.7808 (0.7557)	Loss 0.8559 (0.8142)
20231128 09:31:36 INFO: Train: [5][15/64]	Time  0.983 ( 4.343)	Data  0.214 ( 3.558)	BCE 0.0405 (0.0546)	Dice 0.7293 (0.7582)	Loss 0.7698 (0.8128)
20231128 09:31:55 INFO: Train: [5][20/64]	Time  0.790 ( 4.226)	Data  0.017 ( 3.436)	BCE 0.0303 (0.0498)	Dice 0.7461 (0.7536)	Loss 0.7764 (0.8034)
20231128 09:32:17 INFO: Train: [5][25/64]	Time 13.745 ( 4.234)	Data 12.956 ( 3.447)	BCE 0.0432 (0.0493)	Dice 0.7924 (0.7591)	Loss 0.8357 (0.8084)
20231128 09:32:27 INFO: Train: [5][30/64]	Time  0.824 ( 3.885)	Data  0.041 ( 3.096)	BCE 0.0444 (0.0524)	Dice 0.6914 (0.7509)	Loss 0.7358 (0.8033)
20231128 09:32:48 INFO: Train: [5][35/64]	Time  0.808 ( 3.906)	Data  0.031 ( 3.117)	BCE 0.0451 (0.0525)	Dice 0.7626 (0.7546)	Loss 0.8077 (0.8071)
20231128 09:33:07 INFO: Train: [5][40/64]	Time  0.834 ( 3.894)	Data  0.043 ( 3.106)	BCE 0.0808 (0.0545)	Dice 0.7759 (0.7548)	Loss 0.8567 (0.8093)
20231128 09:33:22 INFO: Train: [5][45/64]	Time  2.799 ( 3.813)	Data  2.031 ( 3.025)	BCE 0.0392 (0.0542)	Dice 0.7907 (0.7548)	Loss 0.8299 (0.8090)
20231128 09:33:41 INFO: Train: [5][50/64]	Time  0.848 ( 3.800)	Data  0.052 ( 3.012)	BCE 0.0494 (0.0535)	Dice 0.7621 (0.7529)	Loss 0.8115 (0.8064)
20231128 09:33:59 INFO: Train: [5][55/64]	Time 14.684 ( 3.780)	Data 13.898 ( 2.993)	BCE 0.0408 (0.0515)	Dice 0.7602 (0.7537)	Loss 0.8010 (0.8052)
20231128 09:34:03 INFO: Train: [5][60/64]	Time  0.809 ( 3.532)	Data  0.023 ( 2.746)	BCE 0.0269 (0.0516)	Dice 0.7311 (0.7524)	Loss 0.7580 (0.8041)
20231128 09:34:11 INFO: ==> Validation starts...
20231128 09:35:05 INFO: Val: [5][1/2]	Time 53.864 (53.864)	Dice_BG 0.996 (0.996)	Dice_TC 0.000 (0.000)	Dice_ED 0.000 (1.000)	Dice_ET 1.000 (1.000)	Dice_RC 1.000 (1.000)	HD95_BG   0.000 (373.129)	HD95_TC 373.129 (  0.000)	HD95_ED 373.129 (  0.000)	HD95_ET   0.000 (  0.000)	HD95_RC   0.000 (  0.000)
20231128 09:35:33 INFO: ==> Validation ends...
20231128 09:35:52 INFO: Train: [6][ 1/64]	Time 19.259 (19.259)	Data 18.391 (18.391)	BCE 0.0398 (0.0398)	Dice 0.8005 (0.8005)	Loss 0.8403 (0.8403)
20231128 09:35:58 INFO: Train: [6][ 5/64]	Time  0.828 ( 4.985)	Data  0.030 ( 4.183)	BCE 0.0619 (0.0410)	Dice 0.6717 (0.7758)	Loss 0.7336 (0.8169)
20231128 09:36:18 INFO: Train: [6][10/64]	Time  0.835 ( 4.518)	Data  0.034 ( 3.721)	BCE 0.0319 (0.0396)	Dice 0.6804 (0.7520)	Loss 0.7124 (0.7916)
20231128 09:36:41 INFO: Train: [6][15/64]	Time  0.840 ( 4.539)	Data  0.041 ( 3.743)	BCE 0.0491 (0.0412)	Dice 0.7441 (0.7445)	Loss 0.7932 (0.7857)
20231128 09:37:00 INFO: Train: [6][20/64]	Time  0.813 ( 4.373)	Data  0.034 ( 3.581)	BCE 0.0449 (0.0437)	Dice 0.7409 (0.7389)	Loss 0.7859 (0.7826)
20231128 09:37:18 INFO: Train: [6][25/64]	Time 14.459 ( 4.222)	Data 13.692 ( 3.430)	BCE 0.0444 (0.0442)	Dice 0.7461 (0.7387)	Loss 0.7905 (0.7829)
20231128 09:37:25 INFO: Train: [6][30/64]	Time  0.844 ( 3.736)	Data  0.032 ( 2.944)	BCE 0.0306 (0.0443)	Dice 0.6523 (0.7380)	Loss 0.6829 (0.7823)
20231128 09:37:43 INFO: Train: [6][35/64]	Time  0.823 ( 3.720)	Data  0.043 ( 2.928)	BCE 0.0251 (0.0478)	Dice 0.7976 (0.7390)	Loss 0.8228 (0.7868)
20231128 09:38:01 INFO: Train: [6][40/64]	Time  0.830 ( 3.695)	Data  0.046 ( 2.903)	BCE 0.0353 (0.0460)	Dice 0.6807 (0.7373)	Loss 0.7159 (0.7834)
20231128 09:38:19 INFO: Train: [6][45/64]	Time  4.893 ( 3.682)	Data  4.101 ( 2.893)	BCE 0.0299 (0.0469)	Dice 0.7994 (0.7402)	Loss 0.8293 (0.7871)
20231128 09:38:34 INFO: Train: [6][50/64]	Time  0.843 ( 3.623)	Data  0.027 ( 2.833)	BCE 0.0404 (0.0459)	Dice 0.6968 (0.7381)	Loss 0.7372 (0.7841)
20231128 09:38:53 INFO: Train: [6][55/64]	Time 12.382 ( 3.642)	Data 11.609 ( 2.853)	BCE 0.0258 (0.0448)	Dice 0.7927 (0.7371)	Loss 0.8185 (0.7819)
20231128 09:39:03 INFO: Train: [6][60/64]	Time  0.787 ( 3.503)	Data  0.016 ( 2.715)	BCE 0.0253 (0.0449)	Dice 0.7060 (0.7355)	Loss 0.7312 (0.7804)
20231128 09:39:12 INFO: ==> Validation starts...
20231128 09:40:06 INFO: Val: [6][1/2]	Time 53.819 (53.819)	Dice_BG 0.996 (0.996)	Dice_TC 0.000 (0.000)	Dice_ED 0.000 (1.000)	Dice_ET 1.000 (1.000)	Dice_RC 1.000 (1.000)	HD95_BG   0.000 (373.129)	HD95_TC 373.129 (  0.000)	HD95_ED 373.129 (  0.000)	HD95_ET   0.000 (  0.000)	HD95_RC   0.000 (  0.000)
20231128 09:40:34 INFO: ==> Validation ends...
20231128 09:40:53 INFO: Train: [7][ 1/64]	Time 18.586 (18.586)	Data 17.759 (17.759)	BCE 0.0175 (0.0175)	Dice 0.6920 (0.6920)	Loss 0.7095 (0.7095)
20231128 09:40:59 INFO: Train: [7][ 5/64]	Time  0.797 ( 5.017)	Data  0.007 ( 4.228)	BCE 0.0346 (0.0330)	Dice 0.6939 (0.7311)	Loss 0.7285 (0.7641)
20231128 09:41:20 INFO: Train: [7][10/64]	Time  0.821 ( 4.574)	Data  0.035 ( 3.788)	BCE 0.0180 (0.0333)	Dice 0.7895 (0.7545)	Loss 0.8075 (0.7878)
20231128 09:41:37 INFO: Train: [7][15/64]	Time  6.127 ( 4.186)	Data  5.342 ( 3.403)	BCE 0.0604 (0.0406)	Dice 0.7693 (0.7534)	Loss 0.8297 (0.7940)
20231128 09:41:54 INFO: Train: [7][20/64]	Time  6.857 ( 4.009)	Data  6.080 ( 3.224)	BCE 0.0473 (0.0402)	Dice 0.6488 (0.7401)	Loss 0.6961 (0.7802)
20231128 09:42:08 INFO: Train: [7][25/64]	Time  6.396 ( 3.758)	Data  5.619 ( 2.972)	BCE 0.0385 (0.0428)	Dice 0.6695 (0.7301)	Loss 0.7081 (0.7729)
20231128 09:42:24 INFO: Train: [7][30/64]	Time  0.846 ( 3.650)	Data  0.042 ( 2.865)	BCE 0.0763 (0.0430)	Dice 0.6540 (0.7249)	Loss 0.7303 (0.7679)
20231128 09:42:47 INFO: Train: [7][35/64]	Time  0.828 ( 3.803)	Data  0.028 ( 3.017)	BCE 0.0294 (0.0450)	Dice 0.8019 (0.7213)	Loss 0.8313 (0.7663)
20231128 09:43:08 INFO: Train: [7][40/64]	Time  4.693 ( 3.835)	Data  3.915 ( 3.050)	BCE 0.0166 (0.0441)	Dice 0.8020 (0.7277)	Loss 0.8186 (0.7718)
20231128 09:43:22 INFO: Train: [7][45/64]	Time  6.014 ( 3.730)	Data  5.231 ( 2.944)	BCE 0.0983 (0.0452)	Dice 0.6699 (0.7276)	Loss 0.7682 (0.7728)
20231128 09:43:37 INFO: Train: [7][50/64]	Time  7.453 ( 3.666)	Data  6.681 ( 2.881)	BCE 0.0272 (0.0437)	Dice 0.7956 (0.7303)	Loss 0.8228 (0.7740)
20231128 09:43:53 INFO: Train: [7][55/64]	Time  6.392 ( 3.624)	Data  5.619 ( 2.840)	BCE 0.0835 (0.0433)	Dice 0.7695 (0.7286)	Loss 0.8529 (0.7718)
20231128 09:44:05 INFO: Train: [7][60/64]	Time  0.837 ( 3.522)	Data  0.066 ( 2.738)	BCE 0.0601 (0.0432)	Dice 0.7309 (0.7262)	Loss 0.7911 (0.7694)
20231128 09:44:14 INFO: ==> Validation starts...
20231128 09:45:08 INFO: Val: [7][1/2]	Time 53.940 (53.940)	Dice_BG 0.997 (0.997)	Dice_TC 0.000 (0.000)	Dice_ED 0.000 (1.000)	Dice_ET 1.000 (1.000)	Dice_RC 0.250 (1.000)	HD95_BG   0.000 (373.129)	HD95_TC 373.129 (  0.000)	HD95_ED 373.129 (  0.000)	HD95_ET   0.000 (  0.000)	HD95_RC 279.847 (  0.000)
20231128 09:45:36 INFO: ==> Validation ends...
20231128 09:45:54 INFO: Train: [8][ 1/64]	Time 18.602 (18.602)	Data 17.794 (17.794)	BCE 0.0182 (0.0182)	Dice 0.7003 (0.7003)	Loss 0.7185 (0.7185)
20231128 09:46:01 INFO: Train: [8][ 5/64]	Time  1.240 ( 5.049)	Data  0.462 ( 4.264)	BCE 0.1239 (0.0530)	Dice 0.7322 (0.7538)	Loss 0.8561 (0.8068)
20231128 09:46:22 INFO: Train: [8][10/64]	Time  0.823 ( 4.612)	Data  0.029 ( 3.823)	BCE 0.0589 (0.0440)	Dice 0.6719 (0.7437)	Loss 0.7308 (0.7877)
20231128 09:46:39 INFO: Train: [8][15/64]	Time  0.864 ( 4.197)	Data  0.090 ( 3.413)	BCE 0.0513 (0.0506)	Dice 0.7445 (0.7346)	Loss 0.7957 (0.7852)
20231128 09:46:59 INFO: Train: [8][20/64]	Time  0.791 ( 4.158)	Data  0.025 ( 3.376)	BCE 0.0998 (0.0513)	Dice 0.7089 (0.7246)	Loss 0.8087 (0.7759)
20231128 09:47:17 INFO: Train: [8][25/64]	Time  5.884 ( 4.059)	Data  5.110 ( 3.276)	BCE 0.0819 (0.0538)	Dice 0.8043 (0.7215)	Loss 0.8862 (0.7752)
20231128 09:47:36 INFO: Train: [8][30/64]	Time  0.804 ( 4.000)	Data  0.019 ( 3.218)	BCE 0.0293 (0.0537)	Dice 0.6617 (0.7210)	Loss 0.6910 (0.7747)
20231128 09:47:55 INFO: Train: [8][35/64]	Time 12.313 ( 3.966)	Data 11.508 ( 3.184)	BCE 0.0441 (0.0516)	Dice 0.6662 (0.7177)	Loss 0.7103 (0.7693)
20231128 09:48:01 INFO: Train: [8][40/64]	Time  1.091 ( 3.619)	Data  0.323 ( 2.838)	BCE 0.0264 (0.0483)	Dice 0.6229 (0.7216)	Loss 0.6493 (0.7699)
20231128 09:48:17 INFO: Train: [8][45/64]	Time  1.008 ( 3.580)	Data  0.216 ( 2.799)	BCE 0.0171 (0.0458)	Dice 0.8018 (0.7239)	Loss 0.8189 (0.7697)
20231128 09:48:38 INFO: Train: [8][50/64]	Time  4.653 ( 3.651)	Data  3.843 ( 2.869)	BCE 0.0268 (0.0439)	Dice 0.6216 (0.7265)	Loss 0.6484 (0.7703)
20231128 09:48:54 INFO: Train: [8][55/64]	Time  1.640 ( 3.609)	Data  0.860 ( 2.827)	BCE 0.0357 (0.0420)	Dice 0.6576 (0.7282)	Loss 0.6933 (0.7703)
20231128 09:49:11 INFO: Train: [8][60/64]	Time  0.796 ( 3.579)	Data  0.023 ( 2.798)	BCE 0.0407 (0.0452)	Dice 0.6719 (0.7255)	Loss 0.7126 (0.7706)
20231128 09:49:16 INFO: ==> Validation starts...
20231128 09:50:10 INFO: Val: [8][1/2]	Time 54.146 (54.146)	Dice_BG 0.995 (0.995)	Dice_TC 0.000 (0.000)	Dice_ED 0.000 (1.000)	Dice_ET 1.000 (1.000)	Dice_RC 0.250 (1.000)	HD95_BG   0.433 (373.129)	HD95_TC 373.129 (  0.433)	HD95_ED 373.129 (  0.000)	HD95_ET   0.000 (  0.000)	HD95_RC 279.847 (  0.000)
20231128 09:50:37 INFO: ==> Validation ends...
20231128 09:51:03 INFO: Train: [9][ 1/64]	Time 25.416 (25.416)	Data 24.601 (24.601)	BCE 0.0857 (0.0857)	Dice 0.6594 (0.6594)	Loss 0.7451 (0.7451)
20231128 09:51:06 INFO: Train: [9][ 5/64]	Time  0.825 ( 5.736)	Data  0.034 ( 4.946)	BCE 0.1015 (0.0531)	Dice 0.6984 (0.7383)	Loss 0.7999 (0.7914)
20231128 09:51:22 INFO: Train: [9][10/64]	Time  0.828 ( 4.407)	Data  0.055 ( 3.621)	BCE 0.0323 (0.0392)	Dice 0.6621 (0.7347)	Loss 0.6944 (0.7739)
20231128 09:51:41 INFO: Train: [9][15/64]	Time  0.792 ( 4.246)	Data  0.007 ( 3.458)	BCE 0.0575 (0.0393)	Dice 0.7047 (0.7232)	Loss 0.7622 (0.7625)
20231128 09:51:58 INFO: Train: [9][20/64]	Time  0.815 ( 4.026)	Data  0.014 ( 3.239)	BCE 0.1000 (0.0428)	Dice 0.7058 (0.7240)	Loss 0.8057 (0.7668)
20231128 09:52:14 INFO: Train: [9][25/64]	Time  7.772 ( 3.879)	Data  7.002 ( 3.092)	BCE 0.0374 (0.0428)	Dice 0.6606 (0.7167)	Loss 0.6980 (0.7595)
20231128 09:52:28 INFO: Train: [9][30/64]	Time  0.814 ( 3.669)	Data  0.035 ( 2.883)	BCE 0.0757 (0.0458)	Dice 0.7858 (0.7196)	Loss 0.8614 (0.7654)
20231128 09:52:45 INFO: Train: [9][35/64]	Time  0.824 ( 3.634)	Data  0.046 ( 2.849)	BCE 0.0145 (0.0452)	Dice 0.8001 (0.7164)	Loss 0.8146 (0.7616)
20231128 09:53:01 INFO: Train: [9][40/64]	Time  0.830 ( 3.595)	Data  0.045 ( 2.811)	BCE 0.0411 (0.0460)	Dice 0.7099 (0.7169)	Loss 0.7510 (0.7629)
20231128 09:53:18 INFO: Train: [9][45/64]	Time  3.121 ( 3.573)	Data  2.350 ( 2.789)	BCE 0.0619 (0.0444)	Dice 0.6736 (0.7154)	Loss 0.7355 (0.7599)
20231128 09:53:37 INFO: Train: [9][50/64]	Time  2.920 ( 3.582)	Data  2.142 ( 2.799)	BCE 0.0239 (0.0417)	Dice 0.7977 (0.7173)	Loss 0.8215 (0.7591)
20231128 09:53:57 INFO: Train: [9][55/64]	Time  8.574 ( 3.628)	Data  7.793 ( 2.844)	BCE 0.0255 (0.0404)	Dice 0.6710 (0.7182)	Loss 0.6965 (0.7586)
20231128 09:54:08 INFO: Train: [9][60/64]	Time  0.815 ( 3.515)	Data  0.028 ( 2.731)	BCE 0.1114 (0.0412)	Dice 0.6793 (0.7195)	Loss 0.7907 (0.7607)
20231128 09:54:14 INFO: ==> Validation starts...
20231128 09:55:08 INFO: Val: [9][1/2]	Time 53.784 (53.784)	Dice_BG 0.996 (0.996)	Dice_TC 0.000 (0.000)	Dice_ED 0.000 (0.500)	Dice_ET 0.500 (0.500)	Dice_RC 0.000 (0.500)	HD95_BG   0.000 (373.129)	HD95_TC 373.129 (  0.000)	HD95_ED 373.129 (186.564)	HD95_ET 186.564 (186.564)	HD95_RC 373.129 (186.564)
20231128 09:55:35 INFO: ==> Validation ends...
20231128 09:55:35 INFO: ==> Testing starts...
20231128 09:56:31 INFO: Test: [2][1/2]	Time 55.118 (55.118)	Dice_BG 0.993 (0.993)	Dice_TC 0.000 (0.000)	Dice_ED 0.000 (1.000)	Dice_ET 1.000 (1.000)	Dice_RC 1.000 (1.000)	HD95_BG   5.012 (373.129)	HD95_TC 373.129 (  5.012)	HD95_ED 373.129 (  0.000)	HD95_ET   0.000 (  0.000)	HD95_RC   0.000 (  0.000)
20231128 09:57:00 INFO: ==> Saving...
20231128 09:57:00 INFO: ==> Testing ends...
